Android-Mobile-Application/app/build/intermediates/manifest_merge_blame_file/debug/manifest-merger-blame-debug-report.txt
1<?xml version="1.0" encoding="utf-8"?>
2<manifest xmlns:android="http://schemas.android.com/apk/res/android"
3    package="com.example.quran"
4    android:versionCode="1"
5    android:versionName="1.0" >
6
7    <uses-sdk
8        android:minSdkVersion="21"
8-->src\main\AndroidManifest.xml
9        android:targetSdkVersion="29" />
9-->src\main\AndroidManifest.xml
10
11    <uses-permission android:name="android.permission.READ_EXTERNAL_STORAGE" />
11-->src\main\AndroidManifest.xml:5:5-80
11-->src\main\AndroidManifest.xml:5:22-77
12    <uses-permission android:name="android.permission.WRITE_EXTERNAL_STORAGE" />
12-->src\main\AndroidManifest.xml:6:5-81
12-->src\main\AndroidManifest.xml:6:22-78
13    <uses-permission android:name="android.permission.RECORD_AUDIO" />
13-->src\main\AndroidManifest.xml:7:5-71
13-->src\main\AndroidManifest.xml:7:22-68
14    <uses-permission android:name="android.permission.WRITE_EXTERNAL_STORAGE" />
14-->src\main\AndroidManifest.xml:6:5-81
14-->src\main\AndroidManifest.xml:6:22-78
15    <uses-permission android:name="android.permission.STORAGE" />
15-->src\main\AndroidManifest.xml:9:5-66
15-->src\main\AndroidManifest.xml:9:22-63
16    <uses-permission android:name="android.permission.INTERNET" />
16-->src\main\AndroidManifest.xml:10:5-67
16-->src\main\AndroidManifest.xml:10:22-64
17
18    <application
18-->src\main\AndroidManifest.xml:12:5-52:19
19        android:allowBackup="true"
19-->src\main\AndroidManifest.xml:13:9-35
20        android:appComponentFactory="androidx.core.app.CoreComponentFactory"
20-->[androidx.core:core:1.1.0] AndroidManifest.xml:24:18-86
21        android:debuggable="true"
22        android:label="@string/app_name"
22-->src\main\AndroidManifest.xml:14:9-41
23        android:roundIcon="@drawable/islam"
23-->src\main\AndroidManifest.xml:15:9-44
24        android:supportsRtl="true"
24-->src\main\AndroidManifest.xml:16:9-35
25        android:testOnly="true"
26        android:theme="@style/AppTheme" >
26-->src\main\AndroidManifest.xml:17:9-40
27        <activity android:name="com.example.quran.supplication" />
27-->src\main\AndroidManifest.xml:18:9-59
27-->src\main\AndroidManifest.xml:18:19-47
28        <activity android:name="com.example.quran.learn_supplication" />
28-->src\main\AndroidManifest.xml:19:9-56
28-->src\main\AndroidManifest.xml:19:19-53
29        <activity android:name="com.example.quran.kalma" />
29-->src\main\AndroidManifest.xml:20:9-43
29-->src\main\AndroidManifest.xml:20:19-40
30        <activity android:name="com.example.quran.learn_kalimas" />
30-->src\main\AndroidManifest.xml:21:9-51
30-->src\main\AndroidManifest.xml:21:19-48
31        <activity android:name="com.example.quran.qibla" />
31-->src\main\AndroidManifest.xml:22:9-43
31-->src\main\AndroidManifest.xml:22:19-40
32        <activity android:name="com.example.quran.check_accuracy" />
32-->src\main\AndroidManifest.xml:23:9-52
32-->src\main\AndroidManifest.xml:23:19-49
33        <activity android:name="com.example.quran.ForgotPassword" />
33-->src\main\AndroidManifest.xml:24:9-52
33-->src\main\AndroidManifest.xml:24:19-49
34        <activity android:name="com.example.quran.log_in" />
34-->src\main\AndroidManifest.xml:25:9-44
34-->src\main\AndroidManifest.xml:25:19-41
35        <activity android:name="com.example.quran.qari_accent_selection" />
35-->src\main\AndroidManifest.xml:26:9-59
35-->src\main\AndroidManifest.xml:26:19-56
36        <activity android:name="com.example.quran.words_evaluation" />
36-->src\main\AndroidManifest.xml:27:9-54
36-->src\main\AndroidManifest.xml:27:19-51
37        <activity android:name="com.example.quran.characters_diacritics_evaluation" />
37-->src\main\AndroidManifest.xml:28:9-70
37-->src\main\AndroidManifest.xml:28:19-67
38        <activity android:name="com.example.quran.characters_evaluation" />
38-->src\main\AndroidManifest.xml:29:9-59
38-->src\main\AndroidManifest.xml:29:19-56
39        <activity android:name="com.example.quran.level_selection_evaluation" />
39-->src\main\AndroidManifest.xml:30:9-64
39-->src\main\AndroidManifest.xml:30:19-61
40        <activity
40-->src\main\AndroidManifest.xml:31:9-34:59
41            android:name="com.example.quran.first_activity"
41-->src\main\AndroidManifest.xml:32:13-43
42            android:label="@string/title_activity_first_activity"
42-->src\main\AndroidManifest.xml:33:13-66
43            android:theme="@style/AppTheme.NoActionBar" />
43-->src\main\AndroidManifest.xml:34:13-56
44        <activity android:name="com.example.quran.splashActivity" >
44-->src\main\AndroidManifest.xml:35:9-41:20
44-->src\main\AndroidManifest.xml:35:19-49
45            <intent-filter>
45-->src\main\AndroidManifest.xml:36:13-40:29
46                <action android:name="android.intent.action.MAIN" />
46-->src\main\AndroidManifest.xml:37:17-69
46-->src\main\AndroidManifest.xml:37:25-66
47
48                <category android:name="android.intent.category.LAUNCHER" />
48-->src\main\AndroidManifest.xml:39:17-77
48-->src\main\AndroidManifest.xml:39:27-74
49            </intent-filter>
50        </activity>
51        <activity android:name="com.example.quran.characters" />
51-->src\main\AndroidManifest.xml:42:9-48
51-->src\main\AndroidManifest.xml:42:19-45
52        <activity android:name="com.example.quran.characters_diacritics" />
52-->src\main\AndroidManifest.xml:43:9-59
52-->src\main\AndroidManifest.xml:43:19-56
53        <activity android:name="com.example.quran.words" />
53-->src\main\AndroidManifest.xml:44:9-43
53-->src\main\AndroidManifest.xml:44:19-40
54        <activity android:name="com.example.quran.higriCalender" />
54-->src\main\AndroidManifest.xml:45:9-51
54-->src\main\AndroidManifest.xml:45:19-48
55        <activity android:name="com.example.quran.level_selection" />
55-->src\main\AndroidManifest.xml:46:9-53
55-->src\main\AndroidManifest.xml:46:19-50
56        <activity android:name="com.example.quran.tajweed_rules" />
56-->src\main\AndroidManifest.xml:47:9-51
56-->src\main\AndroidManifest.xml:47:19-48
57
58        <meta-data
58-->src\main\AndroidManifest.xml:49:9-51:57
59            android:name="preloaded_fonts"
59-->src\main\AndroidManifest.xml:50:13-43
60            android:resource="@array/preloaded_fonts" />
60-->src\main\AndroidManifest.xml:51:13-54
61
62        <provider
62-->[androidx.lifecycle:lifecycle-process:2.2.0] AndroidManifest.xml:25:9-29:43
63            android:name="androidx.lifecycle.ProcessLifecycleOwnerInitializer"
63-->[androidx.lifecycle:lifecycle-process:2.2.0] AndroidManifest.xml:26:13-79
64            android:authorities="com.example.quran.lifecycle-process"
64-->[androidx.lifecycle:lifecycle-process:2.2.0] AndroidManifest.xml:27:13-69
65            android:exported="false"
65-->[androidx.lifecycle:lifecycle-process:2.2.0] AndroidManifest.xml:28:13-37
66            android:multiprocess="true" />
66-->[androidx.lifecycle:lifecycle-process:2.2.0] AndroidManifest.xml:29:13-40
67    </application>
68
69</manifest>